2021-01-01 01:06:02.625 [info] <0.44.0> Application lager started on node nonode@nohost
2021-01-01 01:06:02.625 [info] <0.44.0> Application xmerl started on node nonode@nohost
2021-01-01 01:06:02.745 [info] <0.44.0> Application sasl started on node nonode@nohost
2021-01-01 01:06:02.746 [info] <0.44.0> Application tools started on node nonode@nohost
2021-01-01 01:06:02.746 [info] <0.44.0> Application jsx started on node nonode@nohost
2021-01-01 01:06:02.849 [info] <0.44.0> Application ranch started on node nonode@nohost
2021-01-01 01:06:02.849 [info] <0.44.0> Application recon started on node nonode@nohost
2021-01-01 01:06:03.202 [info] <0.44.0> Application credentials_obfuscation started on node nonode@nohost
2021-01-01 01:06:03.203 [info] <0.44.0> Application rabbit_common started on node nonode@nohost
2021-01-01 01:06:03.296 [info] <0.44.0> Application amqp_client started on node nonode@nohost
2021-01-01 01:06:03.340 [info] <0.44.0> Application amqp started on node nonode@nohost
2021-01-01 01:06:03.340 [info] <0.44.0> Application rabbitmq_tutorials started on node nonode@nohost
2021-01-01 01:08:38.958 [info] <0.44.0> Application lager started on node nonode@nohost
2021-01-01 01:08:38.961 [info] <0.44.0> Application xmerl started on node nonode@nohost
2021-01-01 01:08:38.966 [info] <0.44.0> Application sasl started on node nonode@nohost
2021-01-01 01:08:38.966 [info] <0.44.0> Application tools started on node nonode@nohost
2021-01-01 01:08:38.966 [info] <0.44.0> Application jsx started on node nonode@nohost
2021-01-01 01:08:38.973 [info] <0.44.0> Application ranch started on node nonode@nohost
2021-01-01 01:08:38.973 [info] <0.44.0> Application recon started on node nonode@nohost
2021-01-01 01:08:39.106 [info] <0.44.0> Application credentials_obfuscation started on node nonode@nohost
2021-01-01 01:08:39.106 [info] <0.44.0> Application rabbit_common started on node nonode@nohost
2021-01-01 01:08:39.116 [info] <0.44.0> Application amqp_client started on node nonode@nohost
2021-01-01 01:08:39.119 [info] <0.44.0> Application amqp started on node nonode@nohost
2021-01-01 01:08:39.119 [info] <0.44.0> Application rabbitmq_tutorials started on node nonode@nohost
